14:52:37,412 INFO  App:71 - Starting MyRunnable
14:52:37,416 INFO  App:74 - Starting MyThread
14:52:37,416 INFO  MyRunnable:17 - run() start execution
14:52:37,420 INFO  MyThread:17 - run() start execution
14:52:37,422 INFO  MyRunnable:20 - Counter incremented. Now value is 1
14:52:37,423 INFO  MyRunnable:20 - Counter incremented. Now value is 3
14:52:37,423 INFO  MyThread:20 - Counter incremented. Now value is 2
14:52:37,428 INFO  MyThread:20 - Counter incremented. Now value is 5
14:52:37,428 INFO  MyThread:20 - Counter incremented. Now value is 6
14:52:37,428 INFO  MyThread:20 - Counter incremented. Now value is 7
14:52:37,428 INFO  MyThread:20 - Counter incremented. Now value is 8
14:52:37,428 INFO  MyThread:20 - Counter incremented. Now value is 9
14:52:37,428 INFO  MyThread:20 - Counter incremented. Now value is 10
14:52:37,428 INFO  MyThread:20 - Counter incremented. Now value is 11
14:52:37,427 INFO  MyRunnable:20 - Counter incremented. Now value is 4
14:52:37,428 INFO  MyRunnable:20 - Counter incremented. Now value is 13
14:52:37,428 INFO  MyThread:20 - Counter incremented. Now value is 12
14:52:37,430 INFO  MyThread:20 - Counter incremented. Now value is 15
14:52:37,430 INFO  MyRunnable:20 - Counter incremented. Now value is 14
14:52:37,430 INFO  MyThread:20 - Counter incremented. Now value is 16
14:52:37,430 INFO  MyRunnable:20 - Counter incremented. Now value is 17
14:52:37,430 INFO  MyThread:20 - Counter incremented. Now value is 18
14:52:37,430 INFO  MyRunnable:20 - Counter incremented. Now value is 19
14:52:37,430 INFO  MyThread:20 - Counter incremented. Now value is 20
14:52:37,430 INFO  MyRunnable:20 - Counter incremented. Now value is 21
14:52:37,430 INFO  MyRunnable:20 - Counter incremented. Now value is 23
14:52:37,431 INFO  MyRunnable:20 - Counter incremented. Now value is 24
14:52:37,431 INFO  MyRunnable:20 - Counter incremented. Now value is 25
14:52:37,431 INFO  MyRunnable:20 - Counter incremented. Now value is 26
14:52:37,431 INFO  MyRunnable:20 - Counter incremented. Now value is 27
14:52:37,431 INFO  MyRunnable:20 - Counter incremented. Now value is 28
14:52:37,431 INFO  MyRunnable:20 - Counter incremented. Now value is 29
14:52:37,431 INFO  MyRunnable:20 - Counter incremented. Now value is 30
14:52:37,431 INFO  MyRunnable:20 - Counter incremented. Now value is 31
14:52:37,431 INFO  MyRunnable:20 - Counter incremented. Now value is 32
14:52:37,431 INFO  MyRunnable:20 - Counter incremented. Now value is 33
14:52:37,431 INFO  MyRunnable:20 - Counter incremented. Now value is 34
14:52:37,431 INFO  MyRunnable:20 - Counter incremented. Now value is 35
14:52:37,431 INFO  MyRunnable:20 - Counter incremented. Now value is 36
14:52:37,431 INFO  MyRunnable:20 - Counter incremented. Now value is 37
14:52:37,431 INFO  MyRunnable:20 - Counter incremented. Now value is 38
14:52:37,432 INFO  MyRunnable:20 - Counter incremented. Now value is 39
14:52:37,432 INFO  MyRunnable:20 - Counter incremented. Now value is 40
14:52:37,432 INFO  MyRunnable:20 - Counter incremented. Now value is 41
14:52:37,432 INFO  MyRunnable:20 - Counter incremented. Now value is 42
14:52:37,432 INFO  MyRunnable:20 - Counter incremented. Now value is 43
14:52:37,432 INFO  MyRunnable:20 - Counter incremented. Now value is 44
14:52:37,432 INFO  MyRunnable:20 - Counter incremented. Now value is 45
14:52:37,432 INFO  MyRunnable:20 - Counter incremented. Now value is 46
14:52:37,432 INFO  MyRunnable:20 - Counter incremented. Now value is 47
14:52:37,432 INFO  MyRunnable:20 - Counter incremented. Now value is 48
14:52:37,432 INFO  MyRunnable:20 - Counter incremented. Now value is 49
14:52:37,432 INFO  MyRunnable:20 - Counter incremented. Now value is 50
14:52:37,432 INFO  MyRunnable:20 - Counter incremented. Now value is 51
14:52:37,432 INFO  MyRunnable:20 - Counter incremented. Now value is 52
14:52:37,433 INFO  MyRunnable:20 - Counter incremented. Now value is 53
14:52:37,433 INFO  MyRunnable:20 - Counter incremented. Now value is 54
14:52:37,433 INFO  MyRunnable:20 - Counter incremented. Now value is 55
14:52:37,433 INFO  MyRunnable:20 - Counter incremented. Now value is 56
14:52:37,433 INFO  MyRunnable:20 - Counter incremented. Now value is 57
14:52:37,433 INFO  MyRunnable:20 - Counter incremented. Now value is 58
14:52:37,433 INFO  MyRunnable:20 - Counter incremented. Now value is 59
14:52:37,433 INFO  MyRunnable:20 - Counter incremented. Now value is 60
14:52:37,433 INFO  MyRunnable:20 - Counter incremented. Now value is 61
14:52:37,433 INFO  MyRunnable:20 - Counter incremented. Now value is 62
14:52:37,433 INFO  MyRunnable:20 - Counter incremented. Now value is 63
14:52:37,433 INFO  MyRunnable:20 - Counter incremented. Now value is 64
14:52:37,433 INFO  MyRunnable:20 - Counter incremented. Now value is 65
14:52:37,434 INFO  MyRunnable:20 - Counter incremented. Now value is 66
14:52:37,434 INFO  MyRunnable:20 - Counter incremented. Now value is 67
14:52:37,434 INFO  MyRunnable:20 - Counter incremented. Now value is 68
14:52:37,434 INFO  MyRunnable:20 - Counter incremented. Now value is 69
14:52:37,434 INFO  MyRunnable:20 - Counter incremented. Now value is 70
14:52:37,434 INFO  MyRunnable:20 - Counter incremented. Now value is 71
14:52:37,434 INFO  MyRunnable:20 - Counter incremented. Now value is 72
14:52:37,434 INFO  MyRunnable:20 - Counter incremented. Now value is 73
14:52:37,434 INFO  MyRunnable:20 - Counter incremented. Now value is 74
14:52:37,434 INFO  MyRunnable:20 - Counter incremented. Now value is 75
14:52:37,434 INFO  MyRunnable:20 - Counter incremented. Now value is 76
14:52:37,434 INFO  MyRunnable:20 - Counter incremented. Now value is 77
14:52:37,434 INFO  MyRunnable:20 - Counter incremented. Now value is 78
14:52:37,434 INFO  MyRunnable:20 - Counter incremented. Now value is 79
14:52:37,434 INFO  MyRunnable:20 - Counter incremented. Now value is 80
14:52:37,435 INFO  MyRunnable:20 - Counter incremented. Now value is 81
14:52:37,435 INFO  MyRunnable:20 - Counter incremented. Now value is 82
14:52:37,435 INFO  MyRunnable:20 - Counter incremented. Now value is 83
14:52:37,435 INFO  MyRunnable:20 - Counter incremented. Now value is 84
14:52:37,435 INFO  MyRunnable:20 - Counter incremented. Now value is 85
14:52:37,435 INFO  MyRunnable:20 - Counter incremented. Now value is 86
14:52:37,435 INFO  MyRunnable:20 - Counter incremented. Now value is 87
14:52:37,435 INFO  MyRunnable:20 - Counter incremented. Now value is 88
14:52:37,435 INFO  MyRunnable:20 - Counter incremented. Now value is 89
14:52:37,435 INFO  MyRunnable:20 - Counter incremented. Now value is 90
14:52:37,435 INFO  MyRunnable:20 - Counter incremented. Now value is 91
14:52:37,435 INFO  MyRunnable:20 - Counter incremented. Now value is 92
14:52:37,435 INFO  MyRunnable:20 - Counter incremented. Now value is 93
14:52:37,435 INFO  MyRunnable:20 - Counter incremented. Now value is 94
14:52:37,435 INFO  MyRunnable:20 - Counter incremented. Now value is 95
14:52:37,436 INFO  MyRunnable:20 - Counter incremented. Now value is 96
14:52:37,436 INFO  MyRunnable:20 - Counter incremented. Now value is 97
14:52:37,436 INFO  MyRunnable:20 - Counter incremented. Now value is 98
14:52:37,436 INFO  MyRunnable:20 - Counter incremented. Now value is 99
14:52:37,436 INFO  MyRunnable:20 - Counter incremented. Now value is 100
14:52:37,430 INFO  MyThread:20 - Counter incremented. Now value is 22
14:52:38,137 INFO  App:30 - Start calculating using ExecutorService
14:52:38,172 INFO  App:32 - Sum of list using ExecutorService: 4495487
14:52:38,172 INFO  App:33 - Start calculating using ForkJoinPool
14:52:38,197 INFO  App:35 - Sum of list using ForkJoinPool: 4495487
14:52:38,197 INFO  App:36 - Results equals
